Determining if the pthread_create exist failed with the following output:
Change Dir: /home/tc/Programming/Consulting/C++-Tests/cmake-build-debug/CMakeFiles/CMakeTmp

Run Build Command:"/usr/bin/make" "cmTC_f2a55/fast"
/usr/bin/make -f CMakeFiles/cmTC_f2a55.dir/build.make CMakeFiles/cmTC_f2a55.dir/build
make[1]: Entering directory '/home/tc/Programming/Consulting/C++-Tests/cmake-build-debug/CMakeFiles/CMakeTmp'
Building C object CMakeFiles/cmTC_f2a55.dir/CheckSymbolExists.c.o
/usr/bin/cc    -o CMakeFiles/cmTC_f2a55.dir/CheckSymbolExists.c.o   -c /home/tc/Programming/Consulting/C++-Tests/cmake-build-debug/CMakeFiles/CMakeTmp/CheckSymbolExists.c
Linking C executable cmTC_f2a55
/home/tc/.local/share/JetBrains/Toolbox/apps/CLion/ch-0/181.4203.106/bin/cmake/bin/cmake -E cmake_link_script CMakeFiles/cmTC_f2a55.dir/link.txt --verbose=1
/usr/bin/cc      -rdynamic CMakeFiles/cmTC_f2a55.dir/CheckSymbolExists.c.o  -o cmTC_f2a55 
CMakeFiles/cmTC_f2a55.dir/CheckSymbolExists.c.o: In function `main':
CheckSymbolExists.c:(.text+0x1b): undefined reference to `pthread_create'
collect2: error: ld returned 1 exit status
CMakeFiles/cmTC_f2a55.dir/build.make:97: recipe for target 'cmTC_f2a55' failed
make[1]: *** [cmTC_f2a55] Error 1
make[1]: Leaving directory '/home/tc/Programming/Consulting/C++-Tests/cmake-build-debug/CMakeFiles/CMakeTmp'
Makefile:126: recipe for target 'cmTC_f2a55/fast' failed
make: *** [cmTC_f2a55/fast] Error 2

File /home/tc/Programming/Consulting/C++-Tests/cmake-build-debug/CMakeFiles/CMakeTmp/CheckSymbolExists.c:
/* */
#include <pthread.h>

int main(int argc, char** argv)
{
  (void)argv;
#ifndef pthread_create
  return ((int*)(&pthread_create))[argc];
#else
  (void)argc;
  return 0;
#endif
}

